<?xml version='1.0' encoding='UTF-8'?>
<testsuite hostname="DESKTOP-CF0IQBL" name="webtours.MyComputerTestSimulation" tests="1" errors="0" failures="0" skipped="0" time="5093.156" timestamp="2025-10-14T21:30:54">
          <properties>
[...]
</properties>
          <testcase classname="webtours.MyComputerTestSimulation" name="" time="5093.156">
                      
                    </testcase>
          <system-out><![CDATA[]]></system-out>
          <system-err><![CDATA[]]></system-err>
        </testsuite>